# JRE version: Java(TM) SE Runtime Environment (8.0_151-b12) (build 1.8.0_151-b12)
# Java VM: Java HotSpot(TM) 64-Bit Server VM (25.151-b12 mixed mode windows-amd64 compressed oops)
Heap:
 PSYoungGen      total 76288K, used 16843K [0x000000076b000000, 0x0000000770500000, 0x00000007c0000000)
  eden space 65536K, 25% used [0x000000076b000000,0x000000076c072e60,0x000000076f000000)
  from space 10752K, 0% used [0x000000076f000000,0x000000076f000000,0x000000076fa80000)
  to   space 10752K, 0% used [0x000000076fa80000,0x000000076fa80000,0x0000000770500000)
 ParOldGen       total 125440K, used 1291K [0x00000006c1000000, 0x00000006c8a80000, 0x000000076b000000)
  object space 125440K, 1% used [0x00000006c1000000,0x00000006c1142dd0,0x00000006c8a80000)
 Metaspace       used 9930K, capacity 10166K, committed 10368K, reserved 1058816K
  class space    used 1236K, capacity 1327K, committed 1408K, reserved 1048576K
GC Heap History (4 events):
Event: 0.248 GC heap before
{Heap before GC invocations=1 (full 0):
 PSYoungGen      total 76288K, used 7865K [0x000000076b000000, 0x0000000770500000, 0x00000007c0000000)
  eden space 65536K, 12% used [0x000000076b000000,0x000000076b7ae408,0x000000076f000000)
  from space 10752K, 0% used [0x000000076fa80000,0x000000076fa80000,0x0000000770500000)
  to   space 10752K, 0% used [0x000000076f000000,0x000000076f000000,0x000000076fa80000)
 ParOldGen       total 175104K, used 0K [0x00000006c1000000, 0x00000006cbb00000, 0x000000076b000000)
  object space 175104K, 0% used [0x00000006c1000000,0x00000006c1000000,0x00000006cbb00000)
 Metaspace       used 7979K, capacity 8176K, committed 8320K, reserved 1062912K
  class space    used 984K, capacity 1070K, committed 1152K, reserved 1048576K
Event: 0.249 GC heap after
Heap after GC invocations=1 (full 0):
 PSYoungGen      total 76288K, used 1424K [0x000000076b000000, 0x0000000770500000, 0x00000007c0000000)
  eden space 65536K, 0% used [0x000000076b000000,0x000000076b000000,0x000000076f000000)
  from space 10752K, 13% used [0x000000076f000000,0x000000076f164010,0x000000076fa80000)
  to   space 10752K, 0% used [0x000000076fa80000,0x000000076fa80000,0x0000000770500000)
 ParOldGen       total 175104K, used 8K [0x00000006c1000000, 0x00000006cbb00000, 0x000000076b000000)
  object space 175104K, 0% used [0x00000006c1000000,0x00000006c1002000,0x00000006cbb00000)
 Metaspace       used 7979K, capacity 8176K, committed 8320K, reserved 1062912K
  class space    used 984K, capacity 1070K, committed 1152K, reserved 1048576K
}
Event: 0.249 GC heap before
{Heap before GC invocations=2 (full 1):
 PSYoungGen      total 76288K, used 1424K [0x000000076b000000, 0x0000000770500000, 0x00000007c0000000)
  eden space 65536K, 0% used [0x000000076b000000,0x000000076b000000,0x000000076f000000)
  from space 10752K, 13% used [0x000000076f000000,0x000000076f164010,0x000000076fa80000)
  to   space 10752K, 0% used [0x000000076fa80000,0x000000076fa80000,0x0000000770500000)
 ParOldGen       total 175104K, used 8K [0x00000006c1000000, 0x00000006cbb00000, 0x000000076b000000)
  object space 175104K, 0% used [0x00000006c1000000,0x00000006c1002000,0x00000006cbb00000)
 Metaspace       used 7979K, capacity 8176K, committed 8320K, reserved 1062912K
  class space    used 984K, capacity 1070K, committed 1152K, reserved 1048576K
Event: 0.259 GC heap after
Heap after GC invocations=2 (full 1):
 PSYoungGen      total 76288K, used 0K [0x000000076b000000, 0x0000000770500000, 0x00000007c0000000)
  eden space 65536K, 0% used [0x000000076b000000,0x000000076b000000,0x000000076f000000)
  from space 10752K, 0% used [0x000000076f000000,0x000000076f000000,0x000000076fa80000)
  to   space 10752K, 0% used [0x000000076fa80000,0x000000076fa80000,0x0000000770500000)
 ParOldGen       total 125440K, used 1291K [0x00000006c1000000, 0x00000006c8a80000, 0x000000076b000000)
  object space 125440K, 1% used [0x00000006c1000000,0x00000006c1142dd0,0x00000006c8a80000)
 Metaspace       used 7979K, capacity 8176K, committed 8320K, reserved 1058816K
  class space    used 984K, capacity 1070K, committed 1152K, reserved 1048576K
}

